<?xml version="1.0" encoding="UTF-8"?>
<!-- Generated by org.testng.reporters.JUnitReportReporter -->
<testsuite hostname="BRICKRED89" failures="0" tests="1" name="TEST.APITest" time="3.065" errors="0" timestamp="2022-03-21T11:22:27 IST" skipped="0">
  <testcase classname="TEST.APITest" name="getMethod" time="3.065"/>
  <system-out/>
</testsuite> <!-- TEST.APITest -->
