<?xml version="1.0" encoding="UTF-8"?>
<!-- Generated by org.testng.reporters.JUnitReportReporter -->
<testsuite hostname="BRICKRED89" failures="0" tests="1" name="TEST.GsonTest" time="4.477" errors="0" timestamp="2022-03-23T13:29:21 IST" skipped="0">
  <testcase classname="TEST.GsonTest" name="GsonTests" time="4.477"/>
  <system-out/>
</testsuite> <!-- TEST.GsonTest -->
