<?xml version="1.0" encoding="UTF-8"?>
<!-- Generated by org.testng.reporters.JUnitReportReporter -->
<testsuite hostname="BRICKRED89" failures="0" tests="1" name="TEST.GetMethod" time="2.693" errors="0" timestamp="2022-04-01T13:03:55 IST" skipped="0">
  <testcase classname="TEST.GetMethod" name="getMethod" time="2.693"/>
  <system-out/>
</testsuite> <!-- TEST.GetMethod -->
