<?xml version="1.0" encoding="UTF-8"?>
<!-- Generated by org.testng.reporters.JUnitReportReporter -->
<testsuite hostname="BRICKRED89" failures="0" tests="1" name="TEST.RequestChaining" time="3.226" errors="0" timestamp="2022-03-23T13:58:07 IST" skipped="0">
  <testcase classname="TEST.RequestChaining" name="VerifyId" time="3.226"/>
  <system-out/>
</testsuite> <!-- TEST.RequestChaining -->
